<?xml version="1.0" encoding="UTF-8"?>
<!-- Generated by org.testng.reporters.JUnitXMLReporter -->
<testsuite hostname="AFREEN-PC" ignored="0" name="Test" tests="4" failures="0" timestamp="2020-04-13T13:10:54 IST" time="101.019" errors="0">
  <testcase name="login" time="25.28" classname="runner.TestRunner"/>
  <testcase name="login" time="24.823" classname="runner.TestRunner1"/>
  <testcase name="login" time="24.471" classname="runner.TestRunner2"/>
  <testcase name="login" time="25.219" classname="runner.TestRunner3"/>
</testsuite> <!-- Test -->
