<?xml version="1.0" encoding="UTF-8"?>
<testng-results skipped="0" failed="0" ignored="0" total="1" passed="1">
  <reporter-output>
  </reporter-output>
  <suite name="Default suite" duration-ms="31258" started-at="2020-04-13T14:58:58 IST" finished-at="2020-04-13T14:59:30 IST">
    <groups>
    </groups>
    <test name="Default test" duration-ms="31258" started-at="2020-04-13T14:58:58 IST" finished-at="2020-04-13T14:59:30 IST">
      <class name="runner.TestRunner2">
        <test-method status="PASS" signature="setUP()[pri:0, instance:runner.TestRunner2@5faeada1]" name="setUP" is-config="true" duration-ms="608" started-at="2020-04-13T14:58:58 IST" finished-at="2020-04-13T14:58:59 IST">
          <reporter-output>
          </reporter-output>
        </test-method> <!-- setUP -->
        <test-method status="PASS" signature="login(cucumber.api.testng.CucumberFeatureWrapper)[pri:0, instance:runner.TestRunner2@5faeada1]" name="login" duration-ms="30306" started-at="2020-04-13T14:58:59 IST" description="search" data-provider="features" finished-at="2020-04-13T14:59:30 IST">
          <params>
            <param index="0">
              <value>
                <![CDATA[check the  complete details of user]]>
              </value>
            </param>
          </params>
          <reporter-output>
          </reporter-output>
        </test-method> <!-- login -->
        <test-method status="PASS" signature="tearDown()[pri:0, instance:runner.TestRunner2@5faeada1]" name="tearDown" is-config="true" duration-ms="16" started-at="2020-04-13T14:59:30 IST" finished-at="2020-04-13T14:59:30 IST">
          <reporter-output>
          </reporter-output>
        </test-method> <!-- tearDown -->
      </class> <!-- runner.TestRunner2 -->
    </test> <!-- Default test -->
  </suite> <!-- Default suite -->
</testng-results>
